[INFO][server.go:35] 2024/07/02 11:40:01 start listen
[INFO][server.go:43] 2024/07/02 11:41:56 shutting down
[INFO][echo.go:63] 2024/07/02 11:41:56 handler shutting down
[INFO][server.go:35] 2024/07/02 11:42:20 start listen
[INFO][server.go:58] 2024/07/02 11:43:44 accepted link
[INFO][echo.go:48] 2024/07/02 11:43:54 Connection close
[INFO][server.go:35] 2024/07/02 11:44:52 start listen
[INFO][server.go:58] 2024/07/02 11:47:09 accepted link
[INFO][echo.go:48] 2024/07/02 11:48:08 Connection close
[INFO][server.go:35] 2024/07/02 13:06:39 start listen
[INFO][server.go:58] 2024/07/02 13:06:47 accepted link
[INFO][echo.go:48] 2024/07/02 13:07:00 Connection close
[INFO][server.go:35] 2024/07/02 13:08:12 start listen
[INFO][server.go:58] 2024/07/02 13:08:14 accepted link
[INFO][echo.go:48] 2024/07/02 13:08:26 Connection close
[INFO][server.go:58] 2024/07/02 13:08:32 accepted link
[INFO][echo.go:48] 2024/07/02 13:09:01 Connection close
[INFO][server.go:58] 2024/07/02 13:09:04 accepted link
[INFO][server.go:43] 2024/07/02 13:11:29 shutting down
[INFO][echo.go:63] 2024/07/02 13:11:29 handler shutting down
[WARN][echo.go:51] 2024/07/02 13:11:29 read tcp 127.0.0.1:3000->127.0.0.1:57488: use of closed network connection
[INFO][echo.go:63] 2024/07/02 13:11:29 handler shutting down
[INFO][server.go:35] 2024/07/02 13:11:30 start listen
[INFO][server.go:58] 2024/07/02 13:11:38 accepted link
[INFO][echo.go:57] 2024/07/02 13:11:38 input [13 10]
[INFO][echo.go:57] 2024/07/02 13:11:39 input [13 10]
[INFO][echo.go:57] 2024/07/02 13:11:39 input [13 10]
[INFO][echo.go:57] 2024/07/02 13:11:40 input [100 100 100 13 10]
[INFO][server.go:43] 2024/07/02 13:11:57 shutting down
[INFO][echo.go:64] 2024/07/02 13:11:57 handler shutting down
[WARN][echo.go:51] 2024/07/02 13:11:57 read tcp 127.0.0.1:3000->127.0.0.1:58081: use of closed network connection
[INFO][echo.go:64] 2024/07/02 13:11:57 handler shutting down
[INFO][server.go:35] 2024/07/02 13:12:01 start listen
[INFO][server.go:58] 2024/07/02 13:12:03 accepted link
[INFO][echo.go:56] 2024/07/02 13:12:04 input 
[INFO][echo.go:56] 2024/07/02 13:12:04 input 
[INFO][echo.go:56] 2024/07/02 13:12:04 input 
[INFO][echo.go:56] 2024/07/02 13:12:05 input ddd
[INFO][server.go:43] 2024/07/02 13:12:13 shutting down
[INFO][echo.go:64] 2024/07/02 13:12:13 handler shutting down
[WARN][echo.go:51] 2024/07/02 13:12:13 read tcp 127.0.0.1:3000->127.0.0.1:58187: use of closed network connection
[INFO][echo.go:64] 2024/07/02 13:12:13 handler shutting down
[INFO][server.go:35] 2024/07/02 13:12:15 start listen
[INFO][server.go:43] 2024/07/02 13:14:36 shutting down
[INFO][echo.go:64] 2024/07/02 13:14:36 handler shutting down
[INFO][server.go:34] 2024/07/02 13:14:37 start listen, address: 127.0.0.1:3000
[INFO][server.go:42] 2024/07/02 13:33:18 shutting down
[INFO][echo.go:64] 2024/07/02 13:33:18 handler shutting down
[INFO][echo.go:64] 2024/07/02 13:33:18 handler shutting down
[INFO][server.go:34] 2024/07/02 22:59:57 start listen, address: 127.0.0.1:3000
[INFO][server.go:57] 2024/07/02 23:00:13 accepted link
[INFO][handler.go:52] 2024/07/02 23:00:25 connection closed: 127.0.0.1:53081
[INFO][server.go:42] 2024/07/02 23:00:40 shutting down
[INFO][handler.go:82] 2024/07/02 23:00:40 handler shutting down
[INFO][server.go:34] 2024/07/02 23:01:01 start listen, address: 127.0.0.1:3000
[INFO][server.go:57] 2024/07/02 23:01:36 accepted link
[ERROR][parser.go:41] 2024/07/02 23:01:37 goroutine 20 [running]:
runtime/debug.Stack()
	/usr/local/opt/go/libexec/src/runtime/debug/stack.go:24 +0x6b
redis/resp/parser.parser0.func1()
	/Users/uccs/Desktop/project/go/redis/resp/parser/parser.go:41 +0x45
panic({0x1174160?, 0xc0000a8030?})
	/usr/local/opt/go/libexec/src/runtime/panic.go:920 +0x290
redis/resp/parser.readBody({0xc0000a0020, 0x2, 0x2}, 0xc000119f58)
	/Users/uccs/Desktop/project/go/redis/resp/parser/parser.go:212 +0x438
redis/resp/parser.parser0({0x1778fb0, 0xc00009e000}, 0xc0000ae060)
	/Users/uccs/Desktop/project/go/redis/resp/parser/parser.go:96 +0xaea
created by redis/resp/parser.ParseStream in goroutine 19
	/Users/uccs/Desktop/project/go/redis/resp/parser/parser.go:34 +0xe6

[INFO][server.go:42] 2024/07/02 23:02:58 shutting down
[INFO][handler.go:82] 2024/07/02 23:02:58 handler shutting down
[INFO][server.go:34] 2024/07/02 23:03:16 start listen, address: 127.0.0.1:3000
[INFO][server.go:57] 2024/07/02 23:03:19 accepted link
[ERROR][parser.go:41] 2024/07/02 23:07:54 goroutine 35 [running]:
runtime/debug.Stack()
	/usr/local/opt/go/libexec/src/runtime/debug/stack.go:24 +0x6b
redis/resp/parser.parser0.func1()
	/Users/uccs/Desktop/project/go/redis/resp/parser/parser.go:41 +0x45
panic({0x1174160?, 0xc000210030?})
	/usr/local/opt/go/libexec/src/runtime/panic.go:920 +0x290
redis/resp/parser.readBody({0xc000208020, 0x2, 0x2}, 0xc000119f58)
	/Users/uccs/Desktop/project/go/redis/resp/parser/parser.go:212 +0x438
redis/resp/parser.parser0({0x2940008, 0xc000206000}, 0xc000216060)
	/Users/uccs/Desktop/project/go/redis/resp/parser/parser.go:96 +0xaea
created by redis/resp/parser.ParseStream in goroutine 34
	/Users/uccs/Desktop/project/go/redis/resp/parser/parser.go:34 +0xe6

[INFO][server.go:57] 2024/07/02 23:07:54 accepted link
[ERROR][parser.go:41] 2024/07/02 23:07:54 goroutine 37 [running]:
runtime/debug.Stack()
	/usr/local/opt/go/libexec/src/runtime/debug/stack.go:24 +0x6b
redis/resp/parser.parser0.func1()
	/Users/uccs/Desktop/project/go/redis/resp/parser/parser.go:41 +0x45
panic({0x1174160?, 0xc000210078?})
	/usr/local/opt/go/libexec/src/runtime/panic.go:920 +0x290
redis/resp/parser.readLine(0xc00022e0c0, 0xc00022af58)
	/Users/uccs/Desktop/project/go/redis/resp/parser/parser.go:130 +0x5cd
redis/resp/parser.parser0({0x2940008, 0xc0000a2008}, 0xc0002160c0)
	/Users/uccs/Desktop/project/go/redis/resp/parser/parser.go:50 +0xf4
created by redis/resp/parser.ParseStream in goroutine 36
	/Users/uccs/Desktop/project/go/redis/resp/parser/parser.go:34 +0xe6

[INFO][server.go:42] 2024/07/02 23:07:54 shutting down
[INFO][handler.go:82] 2024/07/02 23:07:54 handler shutting down
[INFO][server.go:34] 2024/07/02 23:08:05 start listen, address: 127.0.0.1:3000
[INFO][server.go:57] 2024/07/02 23:08:11 accepted link
[INFO][server.go:42] 2024/07/02 23:08:28 shutting down
[INFO][handler.go:82] 2024/07/02 23:08:28 handler shutting down
[INFO][handler.go:59] 2024/07/02 23:08:28 connection closed: 127.0.0.1:55970
[INFO][handler.go:82] 2024/07/02 23:08:28 handler shutting down
[INFO][server.go:34] 2024/07/02 23:08:29 start listen, address: 127.0.0.1:3000
[INFO][server.go:57] 2024/07/02 23:08:33 accepted link
[INFO][handler.go:52] 2024/07/02 23:08:48 connection closed: 127.0.0.1:56090
[INFO][server.go:57] 2024/07/02 23:08:51 accepted link
[ERROR][parser.go:41] 2024/07/02 23:09:09 goroutine 40 [running]:
runtime/debug.Stack()
	/usr/local/opt/go/libexec/src/runtime/debug/stack.go:24 +0x6b
redis/resp/parser.parser0.func1()
	/Users/uccs/Desktop/project/go/redis/resp/parser/parser.go:41 +0x45
panic({0x1174160?, 0xc00019a090?})
	/usr/local/opt/go/libexec/src/runtime/panic.go:920 +0x290
redis/resp/parser.readBody({0xc00018e080, 0x2, 0x2}, 0xc000119f58)
	/Users/uccs/Desktop/project/go/redis/resp/parser/parser.go:212 +0x438
redis/resp/parser.parser0({0x8804f30, 0xc000196020}, 0xc0001a60c0)
	/Users/uccs/Desktop/project/go/redis/resp/parser/parser.go:96 +0xaea
created by redis/resp/parser.ParseStream in goroutine 39
	/Users/uccs/Desktop/project/go/redis/resp/parser/parser.go:34 +0xe6

[INFO][server.go:42] 2024/07/02 23:09:09 shutting down
[INFO][handler.go:82] 2024/07/02 23:09:09 handler shutting down
[INFO][server.go:34] 2024/07/02 23:09:42 start listen, address: 127.0.0.1:3000
[INFO][server.go:57] 2024/07/02 23:09:46 accepted link
[ERROR][parser.go:41] 2024/07/02 23:09:59 goroutine 23 [running]:
runtime/debug.Stack()
	/usr/local/opt/go/libexec/src/runtime/debug/stack.go:24 +0x6b
redis/resp/parser.parser0.func1()
	/Users/uccs/Desktop/project/go/redis/resp/parser/parser.go:41 +0x45
panic({0x1174160?, 0xc0000a8090?})
	/usr/local/opt/go/libexec/src/runtime/panic.go:920 +0x290
redis/resp/parser.readBody({0xc0000a41c0, 0x2, 0x2}, 0xc0000bdf58)
	/Users/uccs/Desktop/project/go/redis/resp/parser/parser.go:212 +0x438
redis/resp/parser.parser0({0x177df20, 0xc00009a050}, 0xc00008e300)
	/Users/uccs/Desktop/project/go/redis/resp/parser/parser.go:96 +0xaea
created by redis/resp/parser.ParseStream in goroutine 22
	/Users/uccs/Desktop/project/go/redis/resp/parser/parser.go:34 +0xe6

[INFO][server.go:42] 2024/07/02 23:10:20 shutting down
[INFO][handler.go:82] 2024/07/02 23:10:20 handler shutting down
[INFO][server.go:34] 2024/07/02 23:10:26 start listen, address: 127.0.0.1:3000
[INFO][server.go:57] 2024/07/02 23:10:30 accepted link
[ERROR][parser.go:41] 2024/07/02 23:10:31 goroutine 37 [running]:
runtime/debug.Stack()
	/usr/local/opt/go/libexec/src/runtime/debug/stack.go:24 +0x5e
redis/resp/parser.parser0.func1()
	/Users/uccs/Desktop/project/go/redis/resp/parser/parser.go:41 +0x25
panic({0x11058e0?, 0xc0000a6060?})
	/usr/local/opt/go/libexec/src/runtime/panic.go:914 +0x21f
redis/resp/parser.readBody({0xc00009a050?, 0x0?, 0x0?}, 0x0?)
	/Users/uccs/Desktop/project/go/redis/resp/parser/parser.go:212 +0x26b
redis/resp/parser.parser0({0x1719f30?, 0xc0000a2008?}, 0x0?)
	/Users/uccs/Desktop/project/go/redis/resp/parser/parser.go:96 +0x7db
created by redis/resp/parser.ParseStream in goroutine 36
	/Users/uccs/Desktop/project/go/redis/resp/parser/parser.go:34 +0x91

[INFO][server.go:42] 2024/07/02 23:10:56 shutting down
[INFO][handler.go:82] 2024/07/02 23:10:56 handler shutting down
[INFO][server.go:34] 2024/07/02 23:11:03 start listen, address: 127.0.0.1:3000
[INFO][server.go:57] 2024/07/02 23:11:08 accepted link
[ERROR][parser.go:41] 2024/07/02 23:11:50 goroutine 8 [running]:
runtime/debug.Stack()
	/usr/local/opt/go/libexec/src/runtime/debug/stack.go:24 +0x6b
redis/resp/parser.parser0.func1()
	/Users/uccs/Desktop/project/go/redis/resp/parser/parser.go:41 +0x45
panic({0x1174160?, 0xc00001c108?})
	/usr/local/opt/go/libexec/src/runtime/panic.go:920 +0x290
redis/resp/parser.readBody({0xc000014110, 0x2, 0x2}, 0xc0000b9f58)
	/Users/uccs/Desktop/project/go/redis/resp/parser/parser.go:212 +0x438
redis/resp/parser.parser0({0x8a15f88, 0xc00004c010}, 0xc00018a060)
	/Users/uccs/Desktop/project/go/redis/resp/parser/parser.go:96 +0xaea
created by redis/resp/parser.ParseStream in goroutine 7
	/Users/uccs/Desktop/project/go/redis/resp/parser/parser.go:34 +0xe6

[INFO][server.go:42] 2024/07/02 23:11:50 shutting down
[INFO][handler.go:82] 2024/07/02 23:11:50 handler shutting down
[INFO][server.go:34] 2024/07/02 23:11:55 start listen, address: 127.0.0.1:3000
[INFO][server.go:57] 2024/07/02 23:12:13 accepted link
[ERROR][parser.go:41] 2024/07/02 23:13:30 goroutine 20 [running]:
runtime/debug.Stack()
	/usr/local/opt/go/libexec/src/runtime/debug/stack.go:24 +0x6b
redis/resp/parser.parser0.func1()
	/Users/uccs/Desktop/project/go/redis/resp/parser/parser.go:41 +0x45
panic({0x1174160?, 0xc0000a8030?})
	/usr/local/opt/go/libexec/src/runtime/panic.go:920 +0x290
redis/resp/parser.readBody({0xc00009a028, 0x2, 0x2}, 0xc000119f58)
	/Users/uccs/Desktop/project/go/redis/resp/parser/parser.go:212 +0x438
redis/resp/parser.parser0({0x1778fb0, 0xc0000a2008}, 0xc0000ac060)
	/Users/uccs/Desktop/project/go/redis/resp/parser/parser.go:96 +0xaea
created by redis/resp/parser.ParseStream in goroutine 19
	/Users/uccs/Desktop/project/go/redis/resp/parser/parser.go:34 +0xe6

[INFO][server.go:42] 2024/07/02 23:13:30 shutting down
[INFO][handler.go:82] 2024/07/02 23:13:30 handler shutting down
[INFO][server.go:34] 2024/07/02 23:13:34 start listen, address: 127.0.0.1:3000
[INFO][server.go:57] 2024/07/02 23:13:35 accepted link
[ERROR][parser.go:42] 2024/07/02 23:13:36 goroutine 6 [running]:
runtime/debug.Stack()
	/usr/local/opt/go/libexec/src/runtime/debug/stack.go:24 +0x5e
redis/resp/parser.parser0.func1()
	/Users/uccs/Desktop/project/go/redis/resp/parser/parser.go:42 +0x25
panic({0x1105a60?, 0xc00001c0c0?})
	/usr/local/opt/go/libexec/src/runtime/panic.go:914 +0x21f
redis/resp/parser.readBody({0xc0000140e0, 0x2, 0x2}, 0xc00005df10)
	/Users/uccs/Desktop/project/go/redis/resp/parser/parser.go:214 +0x305
redis/resp/parser.parser0({0x1795008?, 0xc00004c008?}, 0x0?)
	/Users/uccs/Desktop/project/go/redis/resp/parser/parser.go:97 +0x7db
created by redis/resp/parser.ParseStream in goroutine 5
	/Users/uccs/Desktop/project/go/redis/resp/parser/parser.go:35 +0x91

[INFO][server.go:42] 2024/07/02 23:13:55 shutting down
[INFO][handler.go:82] 2024/07/02 23:13:55 handler shutting down
[INFO][server.go:34] 2024/07/02 23:13:58 start listen, address: 127.0.0.1:3000
[INFO][server.go:57] 2024/07/02 23:14:06 accepted link
[ERROR][parser.go:42] 2024/07/02 23:14:06 goroutine 35 [running]:
runtime/debug.Stack()
	/usr/local/opt/go/libexec/src/runtime/debug/stack.go:24 +0x5e
redis/resp/parser.parser0.func1()
	/Users/uccs/Desktop/project/go/redis/resp/parser/parser.go:42 +0x25
panic({0x1105a60?, 0xc00001c108?})
	/usr/local/opt/go/libexec/src/runtime/panic.go:914 +0x21f
redis/resp/parser.readBody({0xc000014268, 0x2, 0x2}, 0xc000058f10)
	/Users/uccs/Desktop/project/go/redis/resp/parser/parser.go:214 +0x305
redis/resp/parser.parser0({0x6800008?, 0xc000208000?}, 0x0?)
	/Users/uccs/Desktop/project/go/redis/resp/parser/parser.go:97 +0x7db
created by redis/resp/parser.ParseStream in goroutine 34
	/Users/uccs/Desktop/project/go/redis/resp/parser/parser.go:35 +0x91

[INFO][server.go:42] 2024/07/02 23:14:44 shutting down
[INFO][handler.go:82] 2024/07/02 23:14:44 handler shutting down
[INFO][server.go:34] 2024/07/02 23:14:50 start listen, address: 127.0.0.1:3000
[INFO][server.go:57] 2024/07/02 23:14:51 accepted link
[ERROR][parser.go:42] 2024/07/02 23:14:52 goroutine 37 [running]:
runtime/debug.Stack()
	/usr/local/opt/go/libexec/src/runtime/debug/stack.go:24 +0x5e
redis/resp/parser.parser0.func1()
	/Users/uccs/Desktop/project/go/redis/resp/parser/parser.go:42 +0x25
panic({0x1105aa0?, 0xc00019a060?})
	/usr/local/opt/go/libexec/src/runtime/panic.go:914 +0x21f
redis/resp/parser.readBody({0xc00018e050?, 0xc00004c028?, 0xc000058ef0?}, 0x2?)
	/Users/uccs/Desktop/project/go/redis/resp/parser/parser.go:214 +0x26b
redis/resp/parser.parser0({0x1799f30?, 0xc000196008?}, 0x0?)
	/Users/uccs/Desktop/project/go/redis/resp/parser/parser.go:98 +0x8ad
created by redis/resp/parser.ParseStream in goroutine 36
	/Users/uccs/Desktop/project/go/redis/resp/parser/parser.go:35 +0x91

[INFO][server.go:42] 2024/07/02 23:17:26 shutting down
[INFO][handler.go:82] 2024/07/02 23:17:26 handler shutting down
[INFO][server.go:34] 2024/07/02 23:17:31 start listen, address: 127.0.0.1:3000
[INFO][server.go:57] 2024/07/02 23:17:34 accepted link
[INFO][server.go:57] 2024/07/02 23:20:57 accepted link
[INFO][server.go:57] 2024/07/02 23:21:41 accepted link
[ERROR][parser.go:42] 2024/07/02 23:22:04 goroutine 9 [running]:
runtime/debug.Stack()
	/usr/local/opt/go/libexec/src/runtime/debug/stack.go:24 +0x6b
redis/resp/parser.parser0.func1()
	/Users/uccs/Desktop/project/go/redis/resp/parser/parser.go:42 +0x45
panic({0x11744a0?, 0xc00001c108?})
	/usr/local/opt/go/libexec/src/runtime/panic.go:920 +0x290
redis/resp/parser.readBody({0xc000014110, 0x2, 0x2}, 0xc000133f58)
	/Users/uccs/Desktop/project/go/redis/resp/parser/parser.go:214 +0x438
redis/resp/parser.parser0({0x89027d8, 0xc00004c010}, 0xc000208060)
	/Users/uccs/Desktop/project/go/redis/resp/parser/parser.go:98 +0xbeb
created by redis/resp/parser.ParseStream in goroutine 8
	/Users/uccs/Desktop/project/go/redis/resp/parser/parser.go:35 +0xe6

[ERROR][parser.go:42] 2024/07/02 23:22:04 goroutine 50 [running]:
runtime/debug.Stack()
	/usr/local/opt/go/libexec/src/runtime/debug/stack.go:24 +0x6b
redis/resp/parser.parser0.func1()
	/Users/uccs/Desktop/project/go/redis/resp/parser/parser.go:42 +0x45
panic({0x11744a0?, 0xc0001bc000?})
	/usr/local/opt/go/libexec/src/runtime/panic.go:920 +0x290
redis/resp/parser.readBody({0xc0001b8000, 0x2, 0x2}, 0xc0001b5f58)
	/Users/uccs/Desktop/project/go/redis/resp/parser/parser.go:214 +0x438
redis/resp/parser.parser0({0x89027d8, 0xc00009a000}, 0xc0001aa000)
	/Users/uccs/Desktop/project/go/redis/resp/parser/parser.go:98 +0xbeb
created by redis/resp/parser.ParseStream in goroutine 34
	/Users/uccs/Desktop/project/go/redis/resp/parser/parser.go:35 +0xe6

[ERROR][parser.go:42] 2024/07/02 23:22:04 goroutine 36 [running]:
runtime/debug.Stack()
	/usr/local/opt/go/libexec/src/runtime/debug/stack.go:24 +0x6b
redis/resp/parser.parser0.func1()
	/Users/uccs/Desktop/project/go/redis/resp/parser/parser.go:42 +0x45
panic({0x11744a0?, 0xc0000a6048?})
	/usr/local/opt/go/libexec/src/runtime/panic.go:920 +0x290
redis/resp/parser.readBody({0xc00009c028, 0x2, 0x2}, 0xc0001b1f58)
	/Users/uccs/Desktop/project/go/redis/resp/parser/parser.go:214 +0x438
redis/resp/parser.parser0({0x89027d8, 0xc00009a008}, 0xc0000ac060)
	/Users/uccs/Desktop/project/go/redis/resp/parser/parser.go:98 +0xbeb
created by redis/resp/parser.ParseStream in goroutine 35
	/Users/uccs/Desktop/project/go/redis/resp/parser/parser.go:35 +0xe6

[INFO][server.go:42] 2024/07/02 23:22:04 shutting down
[INFO][handler.go:82] 2024/07/02 23:22:04 handler shutting down
[INFO][server.go:34] 2024/07/02 23:22:10 start listen, address: 127.0.0.1:3000
[INFO][server.go:57] 2024/07/02 23:22:14 accepted link
[ERROR][parser.go:42] 2024/07/02 23:22:42 goroutine 37 [running]:
runtime/debug.Stack()
	/usr/local/opt/go/libexec/src/runtime/debug/stack.go:24 +0x6b
redis/resp/parser.parser0.func1()
	/Users/uccs/Desktop/project/go/redis/resp/parser/parser.go:42 +0x45
panic({0x11744a0?, 0xc0001a2060?})
	/usr/local/opt/go/libexec/src/runtime/panic.go:920 +0x290
redis/resp/parser.readBody({0xc000196050, 0x2, 0x2}, 0xc000133f58)
	/Users/uccs/Desktop/project/go/redis/resp/parser/parser.go:214 +0x438
redis/resp/parser.parser0({0x8900f88, 0xc00019e008}, 0xc0001ae060)
	/Users/uccs/Desktop/project/go/redis/resp/parser/parser.go:98 +0xbea
created by redis/resp/parser.ParseStream in goroutine 36
	/Users/uccs/Desktop/project/go/redis/resp/parser/parser.go:35 +0xe6

[INFO][server.go:42] 2024/07/02 23:26:58 shutting down
[INFO][handler.go:82] 2024/07/02 23:26:58 handler shutting down
[INFO][server.go:34] 2024/07/02 23:27:04 start listen, address: 127.0.0.1:3000
[INFO][server.go:57] 2024/07/02 23:27:07 accepted link
[ERROR][parser.go:42] 2024/07/02 23:27:20 goroutine 51 [running]:
runtime/debug.Stack()
	/usr/local/opt/go/libexec/src/runtime/debug/stack.go:24 +0x6b
redis/resp/parser.parser0.func1()
	/Users/uccs/Desktop/project/go/redis/resp/parser/parser.go:42 +0x45
panic({0x11744a0?, 0xc000212030?})
	/usr/local/opt/go/libexec/src/runtime/panic.go:920 +0x290
redis/resp/parser.readBody({0xc00020a020, 0x2, 0x2}, 0xc000119f58)
	/Users/uccs/Desktop/project/go/redis/resp/parser/parser.go:214 +0x438
redis/resp/parser.parser0({0x8840008, 0xc000208000}, 0xc000218060)
	/Users/uccs/Desktop/project/go/redis/resp/parser/parser.go:98 +0xbea
created by redis/resp/parser.ParseStream in goroutine 50
	/Users/uccs/Desktop/project/go/redis/resp/parser/parser.go:35 +0xe6

[INFO][server.go:42] 2024/07/02 23:27:52 shutting down
[INFO][handler.go:82] 2024/07/02 23:27:52 handler shutting down
[INFO][server.go:34] 2024/07/02 23:27:55 start listen, address: 127.0.0.1:3000
[INFO][server.go:57] 2024/07/02 23:27:57 accepted link
[ERROR][parser.go:42] 2024/07/02 23:28:35 goroutine 36 [running]:
runtime/debug.Stack()
	/usr/local/opt/go/libexec/src/runtime/debug/stack.go:24 +0x6b
redis/resp/parser.parser0.func1()
	/Users/uccs/Desktop/project/go/redis/resp/parser/parser.go:42 +0x45
panic({0x11744a0?, 0xc0000a8030?})
	/usr/local/opt/go/libexec/src/runtime/panic.go:920 +0x290
redis/resp/parser.readBody({0xc0000a0020, 0x2, 0x2}, 0xc000135f58)
	/Users/uccs/Desktop/project/go/redis/resp/parser/parser.go:214 +0x438
redis/resp/parser.parser0({0x1778fb0, 0xc00009e000}, 0xc0000ae060)
	/Users/uccs/Desktop/project/go/redis/resp/parser/parser.go:98 +0xbea
created by redis/resp/parser.ParseStream in goroutine 35
	/Users/uccs/Desktop/project/go/redis/resp/parser/parser.go:35 +0xe6

[INFO][server.go:42] 2024/07/02 23:30:27 shutting down
[INFO][handler.go:82] 2024/07/02 23:30:27 handler shutting down
[INFO][server.go:34] 2024/07/02 23:30:28 start listen, address: 127.0.0.1:3000
[INFO][server.go:57] 2024/07/02 23:30:34 accepted link
[ERROR][parser.go:42] 2024/07/02 23:31:14 goroutine 36 [running]:
runtime/debug.Stack()
	/usr/local/opt/go/libexec/src/runtime/debug/stack.go:24 +0x6b
redis/resp/parser.parser0.func1()
	/Users/uccs/Desktop/project/go/redis/resp/parser/parser.go:42 +0x45
panic({0x11744a0?, 0xc00011c030?})
	/usr/local/opt/go/libexec/src/runtime/panic.go:920 +0x290
redis/resp/parser.readBody({0xc000114026, 0x2, 0x2}, 0xc0000bdf58)
	/Users/uccs/Desktop/project/go/redis/resp/parser/parser.go:214 +0x438
redis/resp/parser.parser0({0x17b8fb0, 0xc000112000}, 0xc000122060)
	/Users/uccs/Desktop/project/go/redis/resp/parser/parser.go:98 +0xbea
created by redis/resp/parser.ParseStream in goroutine 35
	/Users/uccs/Desktop/project/go/redis/resp/parser/parser.go:35 +0xe6

[INFO][server.go:42] 2024/07/02 23:31:14 shutting down
[INFO][handler.go:82] 2024/07/02 23:31:14 handler shutting down
[INFO][server.go:34] 2024/07/02 23:32:45 start listen, address: 127.0.0.1:3000
[INFO][server.go:57] 2024/07/02 23:32:48 accepted link
[ERROR][parser.go:42] 2024/07/02 23:33:38 goroutine 10 [running]:
runtime/debug.Stack()
	/usr/local/opt/go/libexec/src/runtime/debug/stack.go:24 +0x6b
redis/resp/parser.parser0.func1()
	/Users/uccs/Desktop/project/go/redis/resp/parser/parser.go:42 +0x45
panic({0x11744a0?, 0xc00001c138?})
	/usr/local/opt/go/libexec/src/runtime/panic.go:920 +0x290
redis/resp/parser.readBody({0xc000014280, 0x2, 0x2}, 0xc00011df58)
	/Users/uccs/Desktop/project/go/redis/resp/parser/parser.go:214 +0x438
redis/resp/parser.parser0({0x17bb798, 0xc00004c058}, 0xc000100300)
	/Users/uccs/Desktop/project/go/redis/resp/parser/parser.go:98 +0xbea
created by redis/resp/parser.ParseStream in goroutine 9
	/Users/uccs/Desktop/project/go/redis/resp/parser/parser.go:35 +0xe6

[INFO][server.go:42] 2024/07/02 23:33:38 shutting down
[INFO][handler.go:82] 2024/07/02 23:33:38 handler shutting down
[INFO][server.go:34] 2024/07/02 23:33:44 start listen, address: 127.0.0.1:3000
[INFO][server.go:57] 2024/07/02 23:33:47 accepted link
[ERROR][parser.go:42] 2024/07/02 23:34:26 goroutine 21 [running]:
runtime/debug.Stack()
	/usr/local/opt/go/libexec/src/runtime/debug/stack.go:24 +0x6b
redis/resp/parser.parser0.func1()
	/Users/uccs/Desktop/project/go/redis/resp/parser/parser.go:42 +0x45
panic({0x11744a0?, 0xc00019e060?})
	/usr/local/opt/go/libexec/src/runtime/panic.go:920 +0x290
redis/resp/parser.readBody({0xc000192050, 0x2, 0x2}, 0xc000119f58)
	/Users/uccs/Desktop/project/go/redis/resp/parser/parser.go:214 +0x438
redis/resp/parser.parser0({0x2904f30, 0xc00019a008}, 0xc0001aa060)
	/Users/uccs/Desktop/project/go/redis/resp/parser/parser.go:98 +0xbea
created by redis/resp/parser.ParseStream in goroutine 20
	/Users/uccs/Desktop/project/go/redis/resp/parser/parser.go:35 +0xe6

[INFO][server.go:42] 2024/07/02 23:34:26 shutting down
[INFO][handler.go:82] 2024/07/02 23:34:26 handler shutting down
[INFO][server.go:34] 2024/07/02 23:34:28 start listen, address: 127.0.0.1:3000
[INFO][server.go:57] 2024/07/02 23:34:47 accepted link
[ERROR][parser.go:42] 2024/07/02 23:34:48 goroutine 19 [running]:
runtime/debug.Stack()
	/usr/local/opt/go/libexec/src/runtime/debug/stack.go:24 +0x6b
redis/resp/parser.parser0.func1()
	/Users/uccs/Desktop/project/go/redis/resp/parser/parser.go:42 +0x45
panic({0x11744a0?, 0xc0000a8030?})
	/usr/local/opt/go/libexec/src/runtime/panic.go:920 +0x290
redis/resp/parser.readBody({0xc0000a0020, 0x2, 0x2}, 0xc000119f58)
	/Users/uccs/Desktop/project/go/redis/resp/parser/parser.go:214 +0x438
redis/resp/parser.parser0({0x1838fb0, 0xc00009e000}, 0xc0000ae060)
	/Users/uccs/Desktop/project/go/redis/resp/parser/parser.go:98 +0xbea
created by redis/resp/parser.ParseStream in goroutine 18
	/Users/uccs/Desktop/project/go/redis/resp/parser/parser.go:35 +0xe6

[INFO][server.go:42] 2024/07/02 23:36:56 shutting down
[INFO][handler.go:82] 2024/07/02 23:36:56 handler shutting down
[INFO][server.go:34] 2024/07/02 23:36:59 start listen, address: 127.0.0.1:3000
[INFO][server.go:57] 2024/07/02 23:37:01 accepted link
[ERROR][parser.go:42] 2024/07/02 23:37:01 goroutine 35 [running]:
runtime/debug.Stack()
	/usr/local/opt/go/libexec/src/runtime/debug/stack.go:24 +0x6b
redis/resp/parser.parser0.func1()
	/Users/uccs/Desktop/project/go/redis/resp/parser/parser.go:42 +0x45
panic({0x11744a0?, 0xc0000a8030?})
	/usr/local/opt/go/libexec/src/runtime/panic.go:920 +0x290
redis/resp/parser.readBody({0xc0000a0020, 0x2, 0x2}, 0xc000119f58)
	/Users/uccs/Desktop/project/go/redis/resp/parser/parser.go:214 +0x438
redis/resp/parser.parser0({0x1778fb0, 0xc00009e000}, 0xc0000ae060)
	/Users/uccs/Desktop/project/go/redis/resp/parser/parser.go:98 +0xbea
created by redis/resp/parser.ParseStream in goroutine 34
	/Users/uccs/Desktop/project/go/redis/resp/parser/parser.go:35 +0xe6

[INFO][server.go:42] 2024/07/02 23:37:19 shutting down
[INFO][handler.go:82] 2024/07/02 23:37:19 handler shutting down
[INFO][server.go:34] 2024/07/02 23:37:24 start listen, address: 127.0.0.1:3000
[INFO][server.go:57] 2024/07/02 23:37:37 accepted link
[INFO][handler.go:52] 2024/07/02 23:37:37 connection closed: 127.0.0.1:65476
[INFO][server.go:57] 2024/07/02 23:37:57 accepted link
[INFO][handler.go:52] 2024/07/02 23:37:57 connection closed: 127.0.0.1:49192
[INFO][server.go:42] 2024/07/02 23:38:29 shutting down
[INFO][handler.go:82] 2024/07/02 23:38:29 handler shutting down
[INFO][server.go:34] 2024/07/02 23:38:30 start listen, address: 127.0.0.1:3000
[INFO][server.go:57] 2024/07/02 23:38:38 accepted link
[INFO][handler.go:52] 2024/07/02 23:38:38 connection closed: 127.0.0.1:49395
[INFO][server.go:42] 2024/07/02 23:39:11 shutting down
[INFO][handler.go:82] 2024/07/02 23:39:11 handler shutting down
[INFO][server.go:34] 2024/07/02 23:39:12 start listen, address: 127.0.0.1:3000
[INFO][server.go:57] 2024/07/02 23:39:17 accepted link
[INFO][handler.go:52] 2024/07/02 23:39:17 connection closed: 127.0.0.1:49595
[INFO][server.go:42] 2024/07/02 23:41:35 shutting down
[INFO][handler.go:82] 2024/07/02 23:41:35 handler shutting down
[INFO][handler.go:82] 2024/07/02 23:41:35 handler shutting down
[INFO][server.go:34] 2024/07/02 23:41:36 start listen, address: 127.0.0.1:3000
[INFO][server.go:57] 2024/07/02 23:41:39 accepted link
[INFO][handler.go:52] 2024/07/02 23:41:39 connection closed: 127.0.0.1:50350
[INFO][server.go:42] 2024/07/03 09:06:32 shutting down
[INFO][handler.go:82] 2024/07/03 09:06:32 handler shutting down
[INFO][handler.go:82] 2024/07/03 09:06:32 handler shutting down
